<?xml version="1.0" encoding="UTF-8"?>
<testsuite xmlns:xsi="http://www.w3.org/2001/XMLSchema-instance" xsi:noNamespaceSchemaLocation="https://maven.apache.org/surefire/maven-surefire-plugin/xsd/surefire-test-report.xsd" name="Runner.TestRunner" time="133.317" tests="14" errors="0" skipped="0" failures="0">
  <properties>
[...]
</properties>
  <testcase name="user has created an account by mandatory fields" classname="create an account funtionality" time="10.714"/>
  <testcase name="user has created an account by all fields" classname="create an account funtionality" time="7.372"/>
  <testcase name="user has created an account by duplecate account" classname="create an account funtionality" time="10.168"/>
  <testcase name="user has created an account by witout providing any details" classname="create an account funtionality" time="7.989"/>
  <testcase name="user has create an account from customer login page" classname="create an account funtionality" time="9.484"/>
  <testcase name="user should be search a valid product" classname="search funtionalty" time="6.868"/>
  <testcase name="user should be search a Invalid product" classname="search funtionalty" time="6.437"/>
  <testcase name="User has signin with valid credentials" classname="Signin Funtionality" time="10.44"/>
  <testcase name="User has signin with Invalid credentials" classname="Signin Funtionality" time="10.452"/>
  <testcase name="User has signin with Invalid email and Valid password" classname="Signin Funtionality" time="9.717"/>
  <testcase name="User has signin with valid email and InValid password" classname="Signin Funtionality" time="8.833"/>
  <testcase name="User has signin without credentials" classname="Signin Funtionality" time="7.855"/>
  <testcase name="User has signout from click signout option" classname="Signout Futionality" time="11.678"/>
  <testcase name="User has checks the signout option without clicking signout option" classname="Signout Futionality" time="10.83"/>
</testsuite>